<?xml version="1.0" encoding="UTF-8"?>
<testsuite xmlns:xsi="http://www.w3.org/2001/XMLSchema-instance" xsi:noNamespaceSchemaLocation="https://maven.apache.org/surefire/maven-surefire-plugin/xsd/surefire-test-report.xsd" name="test.java.org.fpij.jitakyoei.model.beans.AlunoTest" time="0.283" tests="1" errors="0" skipped="0" failures="1">
  <properties>
[...]
</properties>
  <testcase name="hashNaoNuloTest" classname="test.java.org.fpij.jitakyoei.model.beans.AlunoTest" time="0.061">
    <failure message="expected:&lt;1234770&gt; but was:&lt;12347700&gt;" type="java.lang.AssertionError"><![CDATA[java.lang.AssertionError: expected:<1234770> but was:<12347700>
	at test.java.org.fpij.jitakyoei.model.beans.AlunoTest.hashNaoNuloTest(AlunoTest.java:22)
]]></failure>
  </testcase>
</testsuite>